
-----------------------------------------
-- SERVER BOOT TIME: 04/17/2017 22:52:33
-----------------------------------------

[04/17/2017 22:52:33] [ROSEAU] >> Roseau - Java Server
[04/17/2017 22:52:33] [ROSEAU] >> Loading server...
[04/17/2017 22:52:33] [ROSEAU] 
[04/17/2017 22:52:33] [ROSEAU] >> Loading dependencies
[04/17/2017 22:52:33] [ROSEAU] >> [ERROR] There was a critical error loading My plugin! Could not find lib: bonecp-0.7.1.RELEASE.jar
[04/17/2017 22:52:33] [ROSEAU] >> [ERROR] There was a critical error loading My plugin! Could not find lib: guava-11.0.2.jar
[04/17/2017 22:52:33] [ROSEAU] >> [ERROR] There was a critical error loading My plugin! Could not find lib: mysql-connector-java-5.1.6-bin.jar
[04/17/2017 22:52:33] [ROSEAU] >> [ERROR] There was a critical error loading My plugin! Could not find lib: netty-3.10.5.Final.jar
[04/17/2017 22:52:33] [ROSEAU] >> [ERROR] There was a critical error loading My plugin! Could not find lib: slf4j-api-1.7.2.jar
[04/17/2017 22:52:33] [ROSEAU] >> [ERROR] There was a critical error loading My plugin! Could not find lib: slf4j-simple-1.7.2.jar
[04/17/2017 22:52:33] [ROSEAU] >> [ERROR] There was a critical error loading My plugin! Could not find lib: ini4j-0.5.5-SNAPSHOT.jar
[04/17/2017 22:52:33] [ROSEAU] >> [ERROR] There was a critical error loading My plugin! Could not find lib: Roseau_socket_netty.jar
[04/17/2017 22:52:33] [ROSEAU] 
[04/17/2017 22:52:33] [ROSEAU] >> Connecting to MySQL server
[04/17/2017 22:52:33] [ROSEAU] >> Connection to MySQL was a success
[04/17/2017 22:52:33] [ROSEAU] 
[04/17/2017 22:52:33] [ROSEAU] >> [ROOM] [Main Lobby] Starting public room server on port: 103
[04/17/2017 22:52:33] [ROSEAU] >> ---------------------------------------------
[04/17/2017 22:52:33] [ROSEAU] >> Error has occured!
org.jboss.netty.channel.ChannelException: Failed to bind to: /127.0.0.1:103
	at org.jboss.netty.bootstrap.ServerBootstrap.bind(ServerBootstrap.java:272)
	at org.alexdev.roseau.server.netty.NettyServer.listenSocket(NettyServer.java:42)
	at org.alexdev.roseau.game.room.Room.load(Room.java:95)
	at org.alexdev.roseau.dao.mysql.MySQLRoomDao.fill(MySQLRoomDao.java:453)
	at org.alexdev.roseau.dao.mysql.MySQLRoomDao.getPublicRooms(MySQLRoomDao.java:83)
	at org.alexdev.roseau.game.room.RoomManager.load(RoomManager.java:23)
	at org.alexdev.roseau.game.Game.load(Game.java:39)
	at org.alexdev.roseau.Roseau.main(Roseau.java:55)
Caused by: java.net.BindException: Address already in use: bind
	at sun.nio.ch.Net.bind0(Native Method)
	at sun.nio.ch.Net.bind(Unknown Source)
	at sun.nio.ch.Net.bind(Unknown Source)
	at sun.nio.ch.ServerSocketChannelImpl.bind(Unknown Source)
	at sun.nio.ch.ServerSocketAdaptor.bind(Unknown Source)
	at org.jboss.netty.channel.socket.nio.NioServerBoss$RegisterTask.run(NioServerBoss.java:193)
	at org.jboss.netty.channel.socket.nio.AbstractNioSelector.processTaskQueue(AbstractNioSelector.java:391)
	at org.jboss.netty.channel.socket.nio.AbstractNioSelector.run(AbstractNioSelector.java:315)
	at org.jboss.netty.channel.socket.nio.NioServerBoss.run(NioServerBoss.java:42)
	at org.jboss.netty.util.ThreadRenamingRunnable.run(ThreadRenamingRunnable.java:108)
	at org.jboss.netty.util.internal.DeadLockProofWorker$1.run(DeadLockProofWorker.java:42)
	at java.util.concurrent.ThreadPoolExecutor.runWorker(Unknown Source)
	at java.util.concurrent.ThreadPoolExecutor$Worker.run(Unknown Source)
	at java.lang.Thread.run(Unknown Source)

[04/17/2017 22:52:33] [ROSEAU] >> ---------------------------------------------
[04/17/2017 22:52:33] [ROSEAU] >> [ROOM] [Median Lobby] Starting public room server on port: 117
[04/17/2017 22:52:33] [ROSEAU] >> ---------------------------------------------
[04/17/2017 22:52:33] [ROSEAU] >> Error has occured!
org.jboss.netty.channel.ChannelException: Failed to bind to: /127.0.0.1:117
	at org.jboss.netty.bootstrap.ServerBootstrap.bind(ServerBootstrap.java:272)
	at org.alexdev.roseau.server.netty.NettyServer.listenSocket(NettyServer.java:42)
	at org.alexdev.roseau.game.room.Room.load(Room.java:95)
	at org.alexdev.roseau.dao.mysql.MySQLRoomDao.fill(MySQLRoomDao.java:453)
	at org.alexdev.roseau.dao.mysql.MySQLRoomDao.getPublicRooms(MySQLRoomDao.java:83)
	at org.alexdev.roseau.game.room.RoomManager.load(RoomManager.java:23)
	at org.alexdev.roseau.game.Game.load(Game.java:39)
	at org.alexdev.roseau.Roseau.main(Roseau.java:55)
Caused by: java.net.BindException: Address already in use: bind
	at sun.nio.ch.Net.bind0(Native Method)
	at sun.nio.ch.Net.bind(Unknown Source)
	at sun.nio.ch.Net.bind(Unknown Source)
	at sun.nio.ch.ServerSocketChannelImpl.bind(Unknown Source)
	at sun.nio.ch.ServerSocketAdaptor.bind(Unknown Source)
	at org.jboss.netty.channel.socket.nio.NioServerBoss$RegisterTask.run(NioServerBoss.java:193)
	at org.jboss.netty.channel.socket.nio.AbstractNioSelector.processTaskQueue(AbstractNioSelector.java:391)
	at org.jboss.netty.channel.socket.nio.AbstractNioSelector.run(AbstractNioSelector.java:315)
	at org.jboss.netty.channel.socket.nio.NioServerBoss.run(NioServerBoss.java:42)
	at org.jboss.netty.util.ThreadRenamingRunnable.run(ThreadRenamingRunnable.java:108)
	at org.jboss.netty.util.internal.DeadLockProofWorker$1.run(DeadLockProofWorker.java:42)
	at java.util.concurrent.ThreadPoolExecutor.runWorker(Unknown Source)
	at java.util.concurrent.ThreadPoolExecutor$Worker.run(Unknown Source)
	at java.lang.Thread.run(Unknown Source)

[04/17/2017 22:52:33] [ROSEAU] >> ---------------------------------------------
[04/17/2017 22:52:33] [ROSEAU] >> [ROOM] [Skylight Lobby] Starting public room server on port: 118
[04/17/2017 22:52:33] [ROSEAU] >> ---------------------------------------------
[04/17/2017 22:52:33] [ROSEAU] >> Error has occured!
org.jboss.netty.channel.ChannelException: Failed to bind to: /127.0.0.1:118
	at org.jboss.netty.bootstrap.ServerBootstrap.bind(ServerBootstrap.java:272)
	at org.alexdev.roseau.server.netty.NettyServer.listenSocket(NettyServer.java:42)
	at org.alexdev.roseau.game.room.Room.load(Room.java:95)
	at org.alexdev.roseau.dao.mysql.MySQLRoomDao.fill(MySQLRoomDao.java:453)
	at org.alexdev.roseau.dao.mysql.MySQLRoomDao.getPublicRooms(MySQLRoomDao.java:83)
	at org.alexdev.roseau.game.room.RoomManager.load(RoomManager.java:23)
	at org.alexdev.roseau.game.Game.load(Game.java:39)
	at org.alexdev.roseau.Roseau.main(Roseau.java:55)
Caused by: java.net.BindException: Address already in use: bind
	at sun.nio.ch.Net.bind0(Native Method)
	at sun.nio.ch.Net.bind(Unknown Source)
	at sun.nio.ch.Net.bind(Unknown Source)
	at sun.nio.ch.ServerSocketChannelImpl.bind(Unknown Source)
	at sun.nio.ch.ServerSocketAdaptor.bind(Unknown Source)
	at org.jboss.netty.channel.socket.nio.NioServerBoss$RegisterTask.run(NioServerBoss.java:193)
	at org.jboss.netty.channel.socket.nio.AbstractNioSelector.processTaskQueue(AbstractNioSelector.java:391)
	at org.jboss.netty.channel.socket.nio.AbstractNioSelector.run(AbstractNioSelector.java:315)
	at org.jboss.netty.channel.socket.nio.NioServerBoss.run(NioServerBoss.java:42)
	at org.jboss.netty.util.ThreadRenamingRunnable.run(ThreadRenamingRunnable.java:108)
	at org.jboss.netty.util.internal.DeadLockProofWorker$1.run(DeadLockProofWorker.java:42)
	at java.util.concurrent.ThreadPoolExecutor.runWorker(Unknown Source)
	at java.util.concurrent.ThreadPoolExecutor$Worker.run(Unknown Source)
	at java.lang.Thread.run(Unknown Source)

[04/17/2017 22:52:33] [ROSEAU] >> ---------------------------------------------
[04/17/2017 22:52:33] [ROSEAU] >> [ROOM] [Basement Lobby] Starting public room server on port: 116
[04/17/2017 22:52:33] [ROSEAU] >> ---------------------------------------------
[04/17/2017 22:52:33] [ROSEAU] >> Error has occured!
org.jboss.netty.channel.ChannelException: Failed to bind to: /127.0.0.1:116
	at org.jboss.netty.bootstrap.ServerBootstrap.bind(ServerBootstrap.java:272)
	at org.alexdev.roseau.server.netty.NettyServer.listenSocket(NettyServer.java:42)
	at org.alexdev.roseau.game.room.Room.load(Room.java:95)
	at org.alexdev.roseau.dao.mysql.MySQLRoomDao.fill(MySQLRoomDao.java:453)
	at org.alexdev.roseau.dao.mysql.MySQLRoomDao.getPublicRooms(MySQLRoomDao.java:83)
	at org.alexdev.roseau.game.room.RoomManager.load(RoomManager.java:23)
	at org.alexdev.roseau.game.Game.load(Game.java:39)
	at org.alexdev.roseau.Roseau.main(Roseau.java:55)
Caused by: java.net.BindException: Address already in use: bind
	at sun.nio.ch.Net.bind0(Native Method)
	at sun.nio.ch.Net.bind(Unknown Source)
	at sun.nio.ch.Net.bind(Unknown Source)
	at sun.nio.ch.ServerSocketChannelImpl.bind(Unknown Source)
	at sun.nio.ch.ServerSocketAdaptor.bind(Unknown Source)
	at org.jboss.netty.channel.socket.nio.NioServerBoss$RegisterTask.run(NioServerBoss.java:193)
	at org.jboss.netty.channel.socket.nio.AbstractNioSelector.processTaskQueue(AbstractNioSelector.java:391)
	at org.jboss.netty.channel.socket.nio.AbstractNioSelector.run(AbstractNioSelector.java:315)
	at org.jboss.netty.channel.socket.nio.NioServerBoss.run(NioServerBoss.java:42)
	at org.jboss.netty.util.ThreadRenamingRunnable.run(ThreadRenamingRunnable.java:108)
	at org.jboss.netty.util.internal.DeadLockProofWorker$1.run(DeadLockProofWorker.java:42)
	at java.util.concurrent.ThreadPoolExecutor.runWorker(Unknown Source)
	at java.util.concurrent.ThreadPoolExecutor$Worker.run(Unknown Source)
	at java.lang.Thread.run(Unknown Source)

[04/17/2017 22:52:33] [ROSEAU] >> ---------------------------------------------
[04/17/2017 22:52:33] [ROSEAU] >> [ROOM] [Club Slinky Helsinki] Starting public room server on port: 126
[04/17/2017 22:52:33] [ROSEAU] >> ---------------------------------------------
[04/17/2017 22:52:33] [ROSEAU] >> Error has occured!
org.jboss.netty.channel.ChannelException: Failed to bind to: /127.0.0.1:126
	at org.jboss.netty.bootstrap.ServerBootstrap.bind(ServerBootstrap.java:272)
	at org.alexdev.roseau.server.netty.NettyServer.listenSocket(NettyServer.java:42)
	at org.alexdev.roseau.game.room.Room.load(Room.java:95)
	at org.alexdev.roseau.dao.mysql.MySQLRoomDao.fill(MySQLRoomDao.java:453)
	at org.alexdev.roseau.dao.mysql.MySQLRoomDao.getPublicRooms(MySQLRoomDao.java:83)
	at org.alexdev.roseau.game.room.RoomManager.load(RoomManager.java:23)
	at org.alexdev.roseau.game.Game.load(Game.java:39)
	at org.alexdev.roseau.Roseau.main(Roseau.java:55)
Caused by: java.net.BindException: Address already in use: bind
	at sun.nio.ch.Net.bind0(Native Method)
	at sun.nio.ch.Net.bind(Unknown Source)
	at sun.nio.ch.Net.bind(Unknown Source)
	at sun.nio.ch.ServerSocketChannelImpl.bind(Unknown Source)
	at sun.nio.ch.ServerSocketAdaptor.bind(Unknown Source)
	at org.jboss.netty.channel.socket.nio.NioServerBoss$RegisterTask.run(NioServerBoss.java:193)
	at org.jboss.netty.channel.socket.nio.AbstractNioSelector.processTaskQueue(AbstractNioSelector.java:391)
	at org.jboss.netty.channel.socket.nio.AbstractNioSelector.run(AbstractNioSelector.java:315)
	at org.jboss.netty.channel.socket.nio.NioServerBoss.run(NioServerBoss.java:42)
	at org.jboss.netty.util.ThreadRenamingRunnable.run(ThreadRenamingRunnable.java:108)
	at org.jboss.netty.util.internal.DeadLockProofWorker$1.run(DeadLockProofWorker.java:42)
	at java.util.concurrent.ThreadPoolExecutor.runWorker(Unknown Source)
	at java.util.concurrent.ThreadPoolExecutor$Worker.run(Unknown Source)
	at java.lang.Thread.run(Unknown Source)

[04/17/2017 22:52:33] [ROSEAU] >> ---------------------------------------------
[04/17/2017 22:52:33] [ROSEAU] >> [ROOM] [Habbo Lido] Starting public room server on port: 104
[04/17/2017 22:52:33] [ROSEAU] >> ---------------------------------------------
[04/17/2017 22:52:33] [ROSEAU] >> Error has occured!
org.jboss.netty.channel.ChannelException: Failed to bind to: /127.0.0.1:104
	at org.jboss.netty.bootstrap.ServerBootstrap.bind(ServerBootstrap.java:272)
	at org.alexdev.roseau.server.netty.NettyServer.listenSocket(NettyServer.java:42)
	at org.alexdev.roseau.game.room.Room.load(Room.java:95)
	at org.alexdev.roseau.dao.mysql.MySQLRoomDao.fill(MySQLRoomDao.java:453)
	at org.alexdev.roseau.dao.mysql.MySQLRoomDao.getPublicRooms(MySQLRoomDao.java:83)
	at org.alexdev.roseau.game.room.RoomManager.load(RoomManager.java:23)
	at org.alexdev.roseau.game.Game.load(Game.java:39)
	at org.alexdev.roseau.Roseau.main(Roseau.java:55)
Caused by: java.net.BindException: Address already in use: bind
	at sun.nio.ch.Net.bind0(Native Method)
	at sun.nio.ch.Net.bind(Unknown Source)
	at sun.nio.ch.Net.bind(Unknown Source)
	at sun.nio.ch.ServerSocketChannelImpl.bind(Unknown Source)
	at sun.nio.ch.ServerSocketAdaptor.bind(Unknown Source)
	at org.jboss.netty.channel.socket.nio.NioServerBoss$RegisterTask.run(NioServerBoss.java:193)
	at org.jboss.netty.channel.socket.nio.AbstractNioSelector.processTaskQueue(AbstractNioSelector.java:391)
	at org.jboss.netty.channel.socket.nio.AbstractNioSelector.run(AbstractNioSelector.java:315)
	at org.jboss.netty.channel.socket.nio.NioServerBoss.run(NioServerBoss.java:42)
	at org.jboss.netty.util.ThreadRenamingRunnable.run(ThreadRenamingRunnable.java:108)
	at org.jboss.netty.util.internal.DeadLockProofWorker$1.run(DeadLockProofWorker.java:42)
	at java.util.concurrent.ThreadPoolExecutor.runWorker(Unknown Source)
	at java.util.concurrent.ThreadPoolExecutor$Worker.run(Unknown Source)
	at java.lang.Thread.run(Unknown Source)

[04/17/2017 22:52:33] [ROSEAU] >> ---------------------------------------------
[04/17/2017 22:52:33] [ROSEAU] >> [ROOM] [Club Massiva] Starting public room server on port: 113
[04/17/2017 22:52:33] [ROSEAU] >> ---------------------------------------------
[04/17/2017 22:52:33] [ROSEAU] >> Error has occured!
org.jboss.netty.channel.ChannelException: Failed to bind to: /127.0.0.1:113
	at org.jboss.netty.bootstrap.ServerBootstrap.bind(ServerBootstrap.java:272)
	at org.alexdev.roseau.server.netty.NettyServer.listenSocket(NettyServer.java:42)
	at org.alexdev.roseau.game.room.Room.load(Room.java:95)
	at org.alexdev.roseau.dao.mysql.MySQLRoomDao.fill(MySQLRoomDao.java:453)
	at org.alexdev.roseau.dao.mysql.MySQLRoomDao.getPublicRooms(MySQLRoomDao.java:83)
	at org.alexdev.roseau.game.room.RoomManager.load(RoomManager.java:23)
	at org.alexdev.roseau.game.Game.load(Game.java:39)
	at org.alexdev.roseau.Roseau.main(Roseau.java:55)
Caused by: java.net.BindException: Address already in use: bind
	at sun.nio.ch.Net.bind0(Native Method)
	at sun.nio.ch.Net.bind(Unknown Source)
	at sun.nio.ch.Net.bind(Unknown Source)
	at sun.nio.ch.ServerSocketChannelImpl.bind(Unknown Source)
	at sun.nio.ch.ServerSocketAdaptor.bind(Unknown Source)
	at org.jboss.netty.channel.socket.nio.NioServerBoss$RegisterTask.run(NioServerBoss.java:193)
	at org.jboss.netty.channel.socket.nio.AbstractNioSelector.processTaskQueue(AbstractNioSelector.java:391)
	at org.jboss.netty.channel.socket.nio.AbstractNioSelector.run(AbstractNioSelector.java:315)
	at org.jboss.netty.channel.socket.nio.NioServerBoss.run(NioServerBoss.java:42)
	at org.jboss.netty.util.ThreadRenamingRunnable.run(ThreadRenamingRunnable.java:108)
	at org.jboss.netty.util.internal.DeadLockProofWorker$1.run(DeadLockProofWorker.java:42)
	at java.util.concurrent.ThreadPoolExecutor.runWorker(Unknown Source)
	at java.util.concurrent.ThreadPoolExecutor$Worker.run(Unknown Source)
	at java.lang.Thread.run(Unknown Source)

[04/17/2017 22:52:33] [ROSEAU] >> ---------------------------------------------
[04/17/2017 22:52:33] [ROSEAU] >> [ROOM] [Theatredrome] Starting public room server on port: 115
[04/17/2017 22:52:33] [ROSEAU] >> ---------------------------------------------
[04/17/2017 22:52:33] [ROSEAU] >> Error has occured!
org.jboss.netty.channel.ChannelException: Failed to bind to: /127.0.0.1:115
	at org.jboss.netty.bootstrap.ServerBootstrap.bind(ServerBootstrap.java:272)
	at org.alexdev.roseau.server.netty.NettyServer.listenSocket(NettyServer.java:42)
	at org.alexdev.roseau.game.room.Room.load(Room.java:95)
	at org.alexdev.roseau.dao.mysql.MySQLRoomDao.fill(MySQLRoomDao.java:453)
	at org.alexdev.roseau.dao.mysql.MySQLRoomDao.getPublicRooms(MySQLRoomDao.java:83)
	at org.alexdev.roseau.game.room.RoomManager.load(RoomManager.java:23)
	at org.alexdev.roseau.game.Game.load(Game.java:39)
	at org.alexdev.roseau.Roseau.main(Roseau.java:55)
Caused by: java.net.BindException: Address already in use: bind
	at sun.nio.ch.Net.bind0(Native Method)
	at sun.nio.ch.Net.bind(Unknown Source)
	at sun.nio.ch.Net.bind(Unknown Source)
	at sun.nio.ch.ServerSocketChannelImpl.bind(Unknown Source)
	at sun.nio.ch.ServerSocketAdaptor.bind(Unknown Source)
	at org.jboss.netty.channel.socket.nio.NioServerBoss$RegisterTask.run(NioServerBoss.java:193)
	at org.jboss.netty.channel.socket.nio.AbstractNioSelector.processTaskQueue(AbstractNioSelector.java:391)
	at org.jboss.netty.channel.socket.nio.AbstractNioSelector.run(AbstractNioSelector.java:315)
	at org.jboss.netty.channel.socket.nio.NioServerBoss.run(NioServerBoss.java:42)
	at org.jboss.netty.util.ThreadRenamingRunnable.run(ThreadRenamingRunnable.java:108)
	at org.jboss.netty.util.internal.DeadLockProofWorker$1.run(DeadLockProofWorker.java:42)
	at java.util.concurrent.ThreadPoolExecutor.runWorker(Unknown Source)
	at java.util.concurrent.ThreadPoolExecutor$Worker.run(Unknown Source)
	at java.lang.Thread.run(Unknown Source)

[04/17/2017 22:52:33] [ROSEAU] >> ---------------------------------------------
[04/17/2017 22:52:33] [ROSEAU] >> [ROOM] [Habburger's] Starting public room server on port: 110
[04/17/2017 22:52:33] [ROSEAU] >> ---------------------------------------------
[04/17/2017 22:52:33] [ROSEAU] >> Error has occured!
org.jboss.netty.channel.ChannelException: Failed to bind to: /127.0.0.1:110
	at org.jboss.netty.bootstrap.ServerBootstrap.bind(ServerBootstrap.java:272)
	at org.alexdev.roseau.server.netty.NettyServer.listenSocket(NettyServer.java:42)
	at org.alexdev.roseau.game.room.Room.load(Room.java:95)
	at org.alexdev.roseau.dao.mysql.MySQLRoomDao.fill(MySQLRoomDao.java:453)
	at org.alexdev.roseau.dao.mysql.MySQLRoomDao.getPublicRooms(MySQLRoomDao.java:83)
	at org.alexdev.roseau.game.room.RoomManager.load(RoomManager.java:23)
	at org.alexdev.roseau.game.Game.load(Game.java:39)
	at org.alexdev.roseau.Roseau.main(Roseau.java:55)
Caused by: java.net.BindException: Address already in use: bind
	at sun.nio.ch.Net.bind0(Native Method)
	at sun.nio.ch.Net.bind(Unknown Source)
	at sun.nio.ch.Net.bind(Unknown Source)
	at sun.nio.ch.ServerSocketChannelImpl.bind(Unknown Source)
	at sun.nio.ch.ServerSocketAdaptor.bind(Unknown Source)
	at org.jboss.netty.channel.socket.nio.NioServerBoss$RegisterTask.run(NioServerBoss.java:193)
	at org.jboss.netty.channel.socket.nio.AbstractNioSelector.processTaskQueue(AbstractNioSelector.java:391)
	at org.jboss.netty.channel.socket.nio.AbstractNioSelector.run(AbstractNioSelector.java:315)
	at org.jboss.netty.channel.socket.nio.NioServerBoss.run(NioServerBoss.java:42)
	at org.jboss.netty.util.ThreadRenamingRunnable.run(ThreadRenamingRunnable.java:108)
	at org.jboss.netty.util.internal.DeadLockProofWorker$1.run(DeadLockProofWorker.java:42)
	at java.util.concurrent.ThreadPoolExecutor.runWorker(Unknown Source)
	at java.util.concurrent.ThreadPoolExecutor$Worker.run(Unknown Source)
	at java.lang.Thread.run(Unknown Source)

[04/17/2017 22:52:33] [ROSEAU] >> ---------------------------------------------
[04/17/2017 22:52:33] [ROSEAU] >> [ROOM] [The Dirty Duck Pub] Starting public room server on port: 105
[04/17/2017 22:52:33] [ROSEAU] >> ---------------------------------------------
[04/17/2017 22:52:33] [ROSEAU] >> Error has occured!
org.jboss.netty.channel.ChannelException: Failed to bind to: /127.0.0.1:105
	at org.jboss.netty.bootstrap.ServerBootstrap.bind(ServerBootstrap.java:272)
	at org.alexdev.roseau.server.netty.NettyServer.listenSocket(NettyServer.java:42)
	at org.alexdev.roseau.game.room.Room.load(Room.java:95)
	at org.alexdev.roseau.dao.mysql.MySQLRoomDao.fill(MySQLRoomDao.java:453)
	at org.alexdev.roseau.dao.mysql.MySQLRoomDao.getPublicRooms(MySQLRoomDao.java:83)
	at org.alexdev.roseau.game.room.RoomManager.load(RoomManager.java:23)
	at org.alexdev.roseau.game.Game.load(Game.java:39)
	at org.alexdev.roseau.Roseau.main(Roseau.java:55)
Caused by: java.net.BindException: Address already in use: bind
	at sun.nio.ch.Net.bind0(Native Method)
	at sun.nio.ch.Net.bind(Unknown Source)
	at sun.nio.ch.Net.bind(Unknown Source)
	at sun.nio.ch.ServerSocketChannelImpl.bind(Unknown Source)
	at sun.nio.ch.ServerSocketAdaptor.bind(Unknown Source)
	at org.jboss.netty.channel.socket.nio.NioServerBoss$RegisterTask.run(NioServerBoss.java:193)
	at org.jboss.netty.channel.socket.nio.AbstractNioSelector.processTaskQueue(AbstractNioSelector.java:391)
	at org.jboss.netty.channel.socket.nio.AbstractNioSelector.run(AbstractNioSelector.java:315)
	at org.jboss.netty.channel.socket.nio.NioServerBoss.run(NioServerBoss.java:42)
	at org.jboss.netty.util.ThreadRenamingRunnable.run(ThreadRenamingRunnable.java:108)
	at org.jboss.netty.util.internal.DeadLockProofWorker$1.run(DeadLockProofWorker.java:42)
	at java.util.concurrent.ThreadPoolExecutor.runWorker(Unknown Source)
	at java.util.concurrent.ThreadPoolExecutor$Worker.run(Unknown Source)
	at java.lang.Thread.run(Unknown Source)

[04/17/2017 22:52:33] [ROSEAU] >> ---------------------------------------------
[04/17/2017 22:52:33] [ROSEAU] >> [ROOM] [Cunning Fox Gamehall] Starting public room server on port: 121
[04/17/2017 22:52:33] [ROSEAU] >> ---------------------------------------------
[04/17/2017 22:52:33] [ROSEAU] >> Error has occured!
org.jboss.netty.channel.ChannelException: Failed to bind to: /127.0.0.1:121
	at org.jboss.netty.bootstrap.ServerBootstrap.bind(ServerBootstrap.java:272)
	at org.alexdev.roseau.server.netty.NettyServer.listenSocket(NettyServer.java:42)
	at org.alexdev.roseau.game.room.Room.load(Room.java:95)
	at org.alexdev.roseau.dao.mysql.MySQLRoomDao.fill(MySQLRoomDao.java:453)
	at org.alexdev.roseau.dao.mysql.MySQLRoomDao.getPublicRooms(MySQLRoomDao.java:83)
	at org.alexdev.roseau.game.room.RoomManager.load(RoomManager.java:23)
	at org.alexdev.roseau.game.Game.load(Game.java:39)
	at org.alexdev.roseau.Roseau.main(Roseau.java:55)
Caused by: java.net.BindException: Address already in use: bind
	at sun.nio.ch.Net.bind0(Native Method)
	at sun.nio.ch.Net.bind(Unknown Source)
	at sun.nio.ch.Net.bind(Unknown Source)
	at sun.nio.ch.ServerSocketChannelImpl.bind(Unknown Source)
	at sun.nio.ch.ServerSocketAdaptor.bind(Unknown Source)
	at org.jboss.netty.channel.socket.nio.NioServerBoss$RegisterTask.run(NioServerBoss.java:193)
	at org.jboss.netty.channel.socket.nio.AbstractNioSelector.processTaskQueue(AbstractNioSelector.java:391)
	at org.jboss.netty.channel.socket.nio.AbstractNioSelector.run(AbstractNioSelector.java:315)
	at org.jboss.netty.channel.socket.nio.NioServerBoss.run(NioServerBoss.java:42)
	at org.jboss.netty.util.ThreadRenamingRunnable.run(ThreadRenamingRunnable.java:108)
	at org.jboss.netty.util.internal.DeadLockProofWorker$1.run(DeadLockProofWorker.java:42)
	at java.util.concurrent.ThreadPoolExecutor.runWorker(Unknown Source)
	at java.util.concurrent.ThreadPoolExecutor$Worker.run(Unknown Source)
	at java.lang.Thread.run(Unknown Source)

[04/17/2017 22:52:33] [ROSEAU] >> ---------------------------------------------
[04/17/2017 22:52:33] [ROSEAU] >> [ROOM] [Cafe Ole] Starting public room server on port: 108
[04/17/2017 22:52:33] [ROSEAU] >> ---------------------------------------------
[04/17/2017 22:52:33] [ROSEAU] >> Error has occured!
org.jboss.netty.channel.ChannelException: Failed to bind to: /127.0.0.1:108
	at org.jboss.netty.bootstrap.ServerBootstrap.bind(ServerBootstrap.java:272)
	at org.alexdev.roseau.server.netty.NettyServer.listenSocket(NettyServer.java:42)
	at org.alexdev.roseau.game.room.Room.load(Room.java:95)
	at org.alexdev.roseau.dao.mysql.MySQLRoomDao.fill(MySQLRoomDao.java:453)
	at org.alexdev.roseau.dao.mysql.MySQLRoomDao.getPublicRooms(MySQLRoomDao.java:83)
	at org.alexdev.roseau.game.room.RoomManager.load(RoomManager.java:23)
	at org.alexdev.roseau.game.Game.load(Game.java:39)
	at org.alexdev.roseau.Roseau.main(Roseau.java:55)
Caused by: java.net.BindException: Address already in use: bind
	at sun.nio.ch.Net.bind0(Native Method)
	at sun.nio.ch.Net.bind(Unknown Source)
	at sun.nio.ch.Net.bind(Unknown Source)
	at sun.nio.ch.ServerSocketChannelImpl.bind(Unknown Source)
	at sun.nio.ch.ServerSocketAdaptor.bind(Unknown Source)
	at org.jboss.netty.channel.socket.nio.NioServerBoss$RegisterTask.run(NioServerBoss.java:193)
	at org.jboss.netty.channel.socket.nio.AbstractNioSelector.processTaskQueue(AbstractNioSelector.java:391)
	at org.jboss.netty.channel.socket.nio.AbstractNioSelector.run(AbstractNioSelector.java:315)
	at org.jboss.netty.channel.socket.nio.NioServerBoss.run(NioServerBoss.java:42)
	at org.jboss.netty.util.ThreadRenamingRunnable.run(ThreadRenamingRunnable.java:108)
	at org.jboss.netty.util.internal.DeadLockProofWorker$1.run(DeadLockProofWorker.java:42)
	at java.util.concurrent.ThreadPoolExecutor.runWorker(Unknown Source)
	at java.util.concurrent.ThreadPoolExecutor$Worker.run(Unknown Source)
	at java.lang.Thread.run(Unknown Source)

[04/17/2017 22:52:33] [ROSEAU] >> ---------------------------------------------
[04/17/2017 22:52:33] [ROSEAU] >> [ROOM] [Hotel Kitchen] Starting public room server on port: 107
[04/17/2017 22:52:33] [ROSEAU] >> ---------------------------------------------
[04/17/2017 22:52:33] [ROSEAU] >> Error has occured!
org.jboss.netty.channel.ChannelException: Failed to bind to: /127.0.0.1:107
	at org.jboss.netty.bootstrap.ServerBootstrap.bind(ServerBootstrap.java:272)
	at org.alexdev.roseau.server.netty.NettyServer.listenSocket(NettyServer.java:42)
	at org.alexdev.roseau.game.room.Room.load(Room.java:95)
	at org.alexdev.roseau.dao.mysql.MySQLRoomDao.fill(MySQLRoomDao.java:453)
	at org.alexdev.roseau.dao.mysql.MySQLRoomDao.getPublicRooms(MySQLRoomDao.java:83)
	at org.alexdev.roseau.game.room.RoomManager.load(RoomManager.java:23)
	at org.alexdev.roseau.game.Game.load(Game.java:39)
	at org.alexdev.roseau.Roseau.main(Roseau.java:55)
Caused by: java.net.BindException: Address already in use: bind
	at sun.nio.ch.Net.bind0(Native Method)
	at sun.nio.ch.Net.bind(Unknown Source)
	at sun.nio.ch.Net.bind(Unknown Source)
	at sun.nio.ch.ServerSocketChannelImpl.bind(Unknown Source)
	at sun.nio.ch.ServerSocketAdaptor.bind(Unknown Source)
	at org.jboss.netty.channel.socket.nio.NioServerBoss$RegisterTask.run(NioServerBoss.java:193)
	at org.jboss.netty.channel.socket.nio.AbstractNioSelector.processTaskQueue(AbstractNioSelector.java:391)
	at org.jboss.netty.channel.socket.nio.AbstractNioSelector.run(AbstractNioSelector.java:315)
	at org.jboss.netty.channel.socket.nio.NioServerBoss.run(NioServerBoss.java:42)
	at org.jboss.netty.util.ThreadRenamingRunnable.run(ThreadRenamingRunnable.java:108)
	at org.jboss.netty.util.internal.DeadLockProofWorker$1.run(DeadLockProofWorker.java:42)
	at java.util.concurrent.ThreadPoolExecutor.runWorker(Unknown Source)
	at java.util.concurrent.ThreadPoolExecutor$Worker.run(Unknown Source)
	at java.lang.Thread.run(Unknown Source)

[04/17/2017 22:52:33] [ROSEAU] >> ---------------------------------------------
[04/17/2017 22:52:33] [ROSEAU] 
[04/17/2017 22:52:33] [ROSEAU] >> Settting up server
[04/17/2017 22:52:33] [ROSEAU] >> ---------------------------------------------
[04/17/2017 22:52:33] [ROSEAU] >> Error has occured!
org.jboss.netty.channel.ChannelException: Failed to bind to: /127.0.0.1:90
	at org.jboss.netty.bootstrap.ServerBootstrap.bind(ServerBootstrap.java:272)
	at org.alexdev.roseau.server.netty.NettyServer.listenSocket(NettyServer.java:42)
	at org.alexdev.roseau.Roseau.startServer(Roseau.java:196)
	at org.alexdev.roseau.Roseau.main(Roseau.java:57)
Caused by: java.net.BindException: Address already in use: bind
	at sun.nio.ch.Net.bind0(Native Method)
	at sun.nio.ch.Net.bind(Unknown Source)
	at sun.nio.ch.Net.bind(Unknown Source)
	at sun.nio.ch.ServerSocketChannelImpl.bind(Unknown Source)
	at sun.nio.ch.ServerSocketAdaptor.bind(Unknown Source)
	at org.jboss.netty.channel.socket.nio.NioServerBoss$RegisterTask.run(NioServerBoss.java:193)
	at org.jboss.netty.channel.socket.nio.AbstractNioSelector.processTaskQueue(AbstractNioSelector.java:391)
	at org.jboss.netty.channel.socket.nio.AbstractNioSelector.run(AbstractNioSelector.java:315)
	at org.jboss.netty.channel.socket.nio.NioServerBoss.run(NioServerBoss.java:42)
	at org.jboss.netty.util.ThreadRenamingRunnable.run(ThreadRenamingRunnable.java:108)
	at org.jboss.netty.util.internal.DeadLockProofWorker$1.run(DeadLockProofWorker.java:42)
	at java.util.concurrent.ThreadPoolExecutor.runWorker(Unknown Source)
	at java.util.concurrent.ThreadPoolExecutor$Worker.run(Unknown Source)
	at java.lang.Thread.run(Unknown Source)

[04/17/2017 22:52:33] [ROSEAU] >> ---------------------------------------------
[04/17/2017 22:52:33] [ROSEAU] >> ---------------------------------------------
[04/17/2017 22:52:33] [ROSEAU] >> Error has occured!
org.jboss.netty.channel.ChannelException: Failed to bind to: /127.0.0.1:91
	at org.jboss.netty.bootstrap.ServerBootstrap.bind(ServerBootstrap.java:272)
	at org.alexdev.roseau.server.netty.NettyServer.listenSocket(NettyServer.java:42)
	at org.alexdev.roseau.Roseau.startServer(Roseau.java:198)
	at org.alexdev.roseau.Roseau.main(Roseau.java:57)
Caused by: java.net.BindException: Address already in use: bind
	at sun.nio.ch.Net.bind0(Native Method)
	at sun.nio.ch.Net.bind(Unknown Source)
	at sun.nio.ch.Net.bind(Unknown Source)
	at sun.nio.ch.ServerSocketChannelImpl.bind(Unknown Source)
	at sun.nio.ch.ServerSocketAdaptor.bind(Unknown Source)
	at org.jboss.netty.channel.socket.nio.NioServerBoss$RegisterTask.run(NioServerBoss.java:193)
	at org.jboss.netty.channel.socket.nio.AbstractNioSelector.processTaskQueue(AbstractNioSelector.java:391)
	at org.jboss.netty.channel.socket.nio.AbstractNioSelector.run(AbstractNioSelector.java:315)
	at org.jboss.netty.channel.socket.nio.NioServerBoss.run(NioServerBoss.java:42)
	at org.jboss.netty.util.ThreadRenamingRunnable.run(ThreadRenamingRunnable.java:108)
	at org.jboss.netty.util.internal.DeadLockProofWorker$1.run(DeadLockProofWorker.java:42)
	at java.util.concurrent.ThreadPoolExecutor.runWorker(Unknown Source)
	at java.util.concurrent.ThreadPoolExecutor$Worker.run(Unknown Source)
	at java.lang.Thread.run(Unknown Source)

[04/17/2017 22:52:33] [ROSEAU] >> ---------------------------------------------
[04/17/2017 22:52:33] [ROSEAU] >> Server could not listen on 91:91, please double check everything is correct in icarus.properties

-----------------------------------------
-- SERVER BOOT TIME: 04/17/2017 22:52:42
-----------------------------------------

[04/17/2017 22:52:42] [ROSEAU] >> Roseau - Java Server
[04/17/2017 22:52:42] [ROSEAU] >> Loading server...
[04/17/2017 22:52:42] [ROSEAU] 
[04/17/2017 22:52:42] [ROSEAU] >> Loading dependencies
[04/17/2017 22:52:42] [ROSEAU] >> [ERROR] There was a critical error loading My plugin! Could not find lib: bonecp-0.7.1.RELEASE.jar
[04/17/2017 22:52:42] [ROSEAU] >> [ERROR] There was a critical error loading My plugin! Could not find lib: guava-11.0.2.jar
[04/17/2017 22:52:42] [ROSEAU] >> [ERROR] There was a critical error loading My plugin! Could not find lib: mysql-connector-java-5.1.6-bin.jar
[04/17/2017 22:52:42] [ROSEAU] >> [ERROR] There was a critical error loading My plugin! Could not find lib: netty-3.10.5.Final.jar
[04/17/2017 22:52:42] [ROSEAU] >> [ERROR] There was a critical error loading My plugin! Could not find lib: slf4j-api-1.7.2.jar
[04/17/2017 22:52:42] [ROSEAU] >> [ERROR] There was a critical error loading My plugin! Could not find lib: slf4j-simple-1.7.2.jar
[04/17/2017 22:52:42] [ROSEAU] >> [ERROR] There was a critical error loading My plugin! Could not find lib: ini4j-0.5.5-SNAPSHOT.jar
[04/17/2017 22:52:42] [ROSEAU] >> [ERROR] There was a critical error loading My plugin! Could not find lib: Roseau_socket_netty.jar
[04/17/2017 22:52:42] [ROSEAU] 
[04/17/2017 22:52:42] [ROSEAU] >> Connecting to MySQL server
[04/17/2017 22:52:42] [ROSEAU] >> Connection to MySQL was a success
[04/17/2017 22:52:42] [ROSEAU] 
[04/17/2017 22:52:42] [ROSEAU] >> [ROOM] [Main Lobby] Starting public room server on port: 103
[04/17/2017 22:52:42] [ROSEAU] >> ---------------------------------------------
[04/17/2017 22:52:42] [ROSEAU] >> Error has occured!
org.jboss.netty.channel.ChannelException: Failed to bind to: /127.0.0.1:103
	at org.jboss.netty.bootstrap.ServerBootstrap.bind(ServerBootstrap.java:272)
	at org.alexdev.roseau.server.netty.NettyServer.listenSocket(NettyServer.java:42)
	at org.alexdev.roseau.game.room.Room.load(Room.java:95)
	at org.alexdev.roseau.dao.mysql.MySQLRoomDao.fill(MySQLRoomDao.java:453)
	at org.alexdev.roseau.dao.mysql.MySQLRoomDao.getPublicRooms(MySQLRoomDao.java:83)
	at org.alexdev.roseau.game.room.RoomManager.load(RoomManager.java:23)
	at org.alexdev.roseau.game.Game.load(Game.java:39)
	at org.alexdev.roseau.Roseau.main(Roseau.java:55)
Caused by: java.net.BindException: Address already in use: bind
	at sun.nio.ch.Net.bind0(Native Method)
	at sun.nio.ch.Net.bind(Unknown Source)
	at sun.nio.ch.Net.bind(Unknown Source)
	at sun.nio.ch.ServerSocketChannelImpl.bind(Unknown Source)
	at sun.nio.ch.ServerSocketAdaptor.bind(Unknown Source)
	at org.jboss.netty.channel.socket.nio.NioServerBoss$RegisterTask.run(NioServerBoss.java:193)
	at org.jboss.netty.channel.socket.nio.AbstractNioSelector.processTaskQueue(AbstractNioSelector.java:391)
	at org.jboss.netty.channel.socket.nio.AbstractNioSelector.run(AbstractNioSelector.java:315)
	at org.jboss.netty.channel.socket.nio.NioServerBoss.run(NioServerBoss.java:42)
	at org.jboss.netty.util.ThreadRenamingRunnable.run(ThreadRenamingRunnable.java:108)
	at org.jboss.netty.util.internal.DeadLockProofWorker$1.run(DeadLockProofWorker.java:42)
	at java.util.concurrent.ThreadPoolExecutor.runWorker(Unknown Source)
	at java.util.concurrent.ThreadPoolExecutor$Worker.run(Unknown Source)
	at java.lang.Thread.run(Unknown Source)

[04/17/2017 22:52:42] [ROSEAU] >> ---------------------------------------------
[04/17/2017 22:52:42] [ROSEAU] >> [ROOM] [Median Lobby] Starting public room server on port: 117
[04/17/2017 22:52:42] [ROSEAU] >> ---------------------------------------------
[04/17/2017 22:52:42] [ROSEAU] >> Error has occured!
org.jboss.netty.channel.ChannelException: Failed to bind to: /127.0.0.1:117
	at org.jboss.netty.bootstrap.ServerBootstrap.bind(ServerBootstrap.java:272)
	at org.alexdev.roseau.server.netty.NettyServer.listenSocket(NettyServer.java:42)
	at org.alexdev.roseau.game.room.Room.load(Room.java:95)
	at org.alexdev.roseau.dao.mysql.MySQLRoomDao.fill(MySQLRoomDao.java:453)
	at org.alexdev.roseau.dao.mysql.MySQLRoomDao.getPublicRooms(MySQLRoomDao.java:83)
	at org.alexdev.roseau.game.room.RoomManager.load(RoomManager.java:23)
	at org.alexdev.roseau.game.Game.load(Game.java:39)
	at org.alexdev.roseau.Roseau.main(Roseau.java:55)
Caused by: java.net.BindException: Address already in use: bind
	at sun.nio.ch.Net.bind0(Native Method)
	at sun.nio.ch.Net.bind(Unknown Source)
	at sun.nio.ch.Net.bind(Unknown Source)
	at sun.nio.ch.ServerSocketChannelImpl.bind(Unknown Source)
	at sun.nio.ch.ServerSocketAdaptor.bind(Unknown Source)
	at org.jboss.netty.channel.socket.nio.NioServerBoss$RegisterTask.run(NioServerBoss.java:193)
	at org.jboss.netty.channel.socket.nio.AbstractNioSelector.processTaskQueue(AbstractNioSelector.java:391)
	at org.jboss.netty.channel.socket.nio.AbstractNioSelector.run(AbstractNioSelector.java:315)
	at org.jboss.netty.channel.socket.nio.NioServerBoss.run(NioServerBoss.java:42)
	at org.jboss.netty.util.ThreadRenamingRunnable.run(ThreadRenamingRunnable.java:108)
	at org.jboss.netty.util.internal.DeadLockProofWorker$1.run(DeadLockProofWorker.java:42)
	at java.util.concurrent.ThreadPoolExecutor.runWorker(Unknown Source)
	at java.util.concurrent.ThreadPoolExecutor$Worker.run(Unknown Source)
	at java.lang.Thread.run(Unknown Source)

[04/17/2017 22:52:42] [ROSEAU] >> ---------------------------------------------
[04/17/2017 22:52:42] [ROSEAU] >> [ROOM] [Skylight Lobby] Starting public room server on port: 118
[04/17/2017 22:52:42] [ROSEAU] >> ---------------------------------------------
[04/17/2017 22:52:42] [ROSEAU] >> Error has occured!
org.jboss.netty.channel.ChannelException: Failed to bind to: /127.0.0.1:118
	at org.jboss.netty.bootstrap.ServerBootstrap.bind(ServerBootstrap.java:272)
	at org.alexdev.roseau.server.netty.NettyServer.listenSocket(NettyServer.java:42)
	at org.alexdev.roseau.game.room.Room.load(Room.java:95)
	at org.alexdev.roseau.dao.mysql.MySQLRoomDao.fill(MySQLRoomDao.java:453)
	at org.alexdev.roseau.dao.mysql.MySQLRoomDao.getPublicRooms(MySQLRoomDao.java:83)
	at org.alexdev.roseau.game.room.RoomManager.load(RoomManager.java:23)
	at org.alexdev.roseau.game.Game.load(Game.java:39)
	at org.alexdev.roseau.Roseau.main(Roseau.java:55)
Caused by: java.net.BindException: Address already in use: bind
	at sun.nio.ch.Net.bind0(Native Method)
	at sun.nio.ch.Net.bind(Unknown Source)
	at sun.nio.ch.Net.bind(Unknown Source)
	at sun.nio.ch.ServerSocketChannelImpl.bind(Unknown Source)
	at sun.nio.ch.ServerSocketAdaptor.bind(Unknown Source)
	at org.jboss.netty.channel.socket.nio.NioServerBoss$RegisterTask.run(NioServerBoss.java:193)
	at org.jboss.netty.channel.socket.nio.AbstractNioSelector.processTaskQueue(AbstractNioSelector.java:391)
	at org.jboss.netty.channel.socket.nio.AbstractNioSelector.run(AbstractNioSelector.java:315)
	at org.jboss.netty.channel.socket.nio.NioServerBoss.run(NioServerBoss.java:42)
	at org.jboss.netty.util.ThreadRenamingRunnable.run(ThreadRenamingRunnable.java:108)
	at org.jboss.netty.util.internal.DeadLockProofWorker$1.run(DeadLockProofWorker.java:42)
	at java.util.concurrent.ThreadPoolExecutor.runWorker(Unknown Source)
	at java.util.concurrent.ThreadPoolExecutor$Worker.run(Unknown Source)
	at java.lang.Thread.run(Unknown Source)

[04/17/2017 22:52:42] [ROSEAU] >> ---------------------------------------------
[04/17/2017 22:52:42] [ROSEAU] >> [ROOM] [Basement Lobby] Starting public room server on port: 116
[04/17/2017 22:52:42] [ROSEAU] >> ---------------------------------------------
[04/17/2017 22:52:42] [ROSEAU] >> Error has occured!
org.jboss.netty.channel.ChannelException: Failed to bind to: /127.0.0.1:116
	at org.jboss.netty.bootstrap.ServerBootstrap.bind(ServerBootstrap.java:272)
	at org.alexdev.roseau.server.netty.NettyServer.listenSocket(NettyServer.java:42)
	at org.alexdev.roseau.game.room.Room.load(Room.java:95)
	at org.alexdev.roseau.dao.mysql.MySQLRoomDao.fill(MySQLRoomDao.java:453)
	at org.alexdev.roseau.dao.mysql.MySQLRoomDao.getPublicRooms(MySQLRoomDao.java:83)
	at org.alexdev.roseau.game.room.RoomManager.load(RoomManager.java:23)
	at org.alexdev.roseau.game.Game.load(Game.java:39)
	at org.alexdev.roseau.Roseau.main(Roseau.java:55)
Caused by: java.net.BindException: Address already in use: bind
	at sun.nio.ch.Net.bind0(Native Method)
	at sun.nio.ch.Net.bind(Unknown Source)
	at sun.nio.ch.Net.bind(Unknown Source)
	at sun.nio.ch.ServerSocketChannelImpl.bind(Unknown Source)
	at sun.nio.ch.ServerSocketAdaptor.bind(Unknown Source)
	at org.jboss.netty.channel.socket.nio.NioServerBoss$RegisterTask.run(NioServerBoss.java:193)
	at org.jboss.netty.channel.socket.nio.AbstractNioSelector.processTaskQueue(AbstractNioSelector.java:391)
	at org.jboss.netty.channel.socket.nio.AbstractNioSelector.run(AbstractNioSelector.java:315)
	at org.jboss.netty.channel.socket.nio.NioServerBoss.run(NioServerBoss.java:42)
	at org.jboss.netty.util.ThreadRenamingRunnable.run(ThreadRenamingRunnable.java:108)
	at org.jboss.netty.util.internal.DeadLockProofWorker$1.run(DeadLockProofWorker.java:42)
	at java.util.concurrent.ThreadPoolExecutor.runWorker(Unknown Source)
	at java.util.concurrent.ThreadPoolExecutor$Worker.run(Unknown Source)
	at java.lang.Thread.run(Unknown Source)

[04/17/2017 22:52:42] [ROSEAU] >> ---------------------------------------------
[04/17/2017 22:52:42] [ROSEAU] >> [ROOM] [Club Slinky Helsinki] Starting public room server on port: 126
[04/17/2017 22:52:42] [ROSEAU] >> ---------------------------------------------
[04/17/2017 22:52:42] [ROSEAU] >> Error has occured!
org.jboss.netty.channel.ChannelException: Failed to bind to: /127.0.0.1:126
	at org.jboss.netty.bootstrap.ServerBootstrap.bind(ServerBootstrap.java:272)
	at org.alexdev.roseau.server.netty.NettyServer.listenSocket(NettyServer.java:42)
	at org.alexdev.roseau.game.room.Room.load(Room.java:95)
	at org.alexdev.roseau.dao.mysql.MySQLRoomDao.fill(MySQLRoomDao.java:453)
	at org.alexdev.roseau.dao.mysql.MySQLRoomDao.getPublicRooms(MySQLRoomDao.java:83)
	at org.alexdev.roseau.game.room.RoomManager.load(RoomManager.java:23)
	at org.alexdev.roseau.game.Game.load(Game.java:39)
	at org.alexdev.roseau.Roseau.main(Roseau.java:55)
Caused by: java.net.BindException: Address already in use: bind
	at sun.nio.ch.Net.bind0(Native Method)
	at sun.nio.ch.Net.bind(Unknown Source)
	at sun.nio.ch.Net.bind(Unknown Source)
	at sun.nio.ch.ServerSocketChannelImpl.bind(Unknown Source)
	at sun.nio.ch.ServerSocketAdaptor.bind(Unknown Source)
	at org.jboss.netty.channel.socket.nio.NioServerBoss$RegisterTask.run(NioServerBoss.java:193)
	at org.jboss.netty.channel.socket.nio.AbstractNioSelector.processTaskQueue(AbstractNioSelector.java:391)
	at org.jboss.netty.channel.socket.nio.AbstractNioSelector.run(AbstractNioSelector.java:315)
	at org.jboss.netty.channel.socket.nio.NioServerBoss.run(NioServerBoss.java:42)
	at org.jboss.netty.util.ThreadRenamingRunnable.run(ThreadRenamingRunnable.java:108)
	at org.jboss.netty.util.internal.DeadLockProofWorker$1.run(DeadLockProofWorker.java:42)
	at java.util.concurrent.ThreadPoolExecutor.runWorker(Unknown Source)
	at java.util.concurrent.ThreadPoolExecutor$Worker.run(Unknown Source)
	at java.lang.Thread.run(Unknown Source)

[04/17/2017 22:52:42] [ROSEAU] >> ---------------------------------------------
[04/17/2017 22:52:42] [ROSEAU] >> [ROOM] [Habbo Lido] Starting public room server on port: 104
[04/17/2017 22:52:42] [ROSEAU] >> ---------------------------------------------
[04/17/2017 22:52:42] [ROSEAU] >> Error has occured!
org.jboss.netty.channel.ChannelException: Failed to bind to: /127.0.0.1:104
	at org.jboss.netty.bootstrap.ServerBootstrap.bind(ServerBootstrap.java:272)
	at org.alexdev.roseau.server.netty.NettyServer.listenSocket(NettyServer.java:42)
	at org.alexdev.roseau.game.room.Room.load(Room.java:95)
	at org.alexdev.roseau.dao.mysql.MySQLRoomDao.fill(MySQLRoomDao.java:453)
	at org.alexdev.roseau.dao.mysql.MySQLRoomDao.getPublicRooms(MySQLRoomDao.java:83)
	at org.alexdev.roseau.game.room.RoomManager.load(RoomManager.java:23)
	at org.alexdev.roseau.game.Game.load(Game.java:39)
	at org.alexdev.roseau.Roseau.main(Roseau.java:55)
Caused by: java.net.BindException: Address already in use: bind
	at sun.nio.ch.Net.bind0(Native Method)
	at sun.nio.ch.Net.bind(Unknown Source)
	at sun.nio.ch.Net.bind(Unknown Source)
	at sun.nio.ch.ServerSocketChannelImpl.bind(Unknown Source)
	at sun.nio.ch.ServerSocketAdaptor.bind(Unknown Source)
	at org.jboss.netty.channel.socket.nio.NioServerBoss$RegisterTask.run(NioServerBoss.java:193)
	at org.jboss.netty.channel.socket.nio.AbstractNioSelector.processTaskQueue(AbstractNioSelector.java:391)
	at org.jboss.netty.channel.socket.nio.AbstractNioSelector.run(AbstractNioSelector.java:315)
	at org.jboss.netty.channel.socket.nio.NioServerBoss.run(NioServerBoss.java:42)
	at org.jboss.netty.util.ThreadRenamingRunnable.run(ThreadRenamingRunnable.java:108)
	at org.jboss.netty.util.internal.DeadLockProofWorker$1.run(DeadLockProofWorker.java:42)
	at java.util.concurrent.ThreadPoolExecutor.runWorker(Unknown Source)
	at java.util.concurrent.ThreadPoolExecutor$Worker.run(Unknown Source)
	at java.lang.Thread.run(Unknown Source)

[04/17/2017 22:52:42] [ROSEAU] >> ---------------------------------------------
[04/17/2017 22:52:42] [ROSEAU] >> [ROOM] [Club Massiva] Starting public room server on port: 113
[04/17/2017 22:52:42] [ROSEAU] >> ---------------------------------------------
[04/17/2017 22:52:42] [ROSEAU] >> Error has occured!
org.jboss.netty.channel.ChannelException: Failed to bind to: /127.0.0.1:113
	at org.jboss.netty.bootstrap.ServerBootstrap.bind(ServerBootstrap.java:272)
	at org.alexdev.roseau.server.netty.NettyServer.listenSocket(NettyServer.java:42)
	at org.alexdev.roseau.game.room.Room.load(Room.java:95)
	at org.alexdev.roseau.dao.mysql.MySQLRoomDao.fill(MySQLRoomDao.java:453)
	at org.alexdev.roseau.dao.mysql.MySQLRoomDao.getPublicRooms(MySQLRoomDao.java:83)
	at org.alexdev.roseau.game.room.RoomManager.load(RoomManager.java:23)
	at org.alexdev.roseau.game.Game.load(Game.java:39)
	at org.alexdev.roseau.Roseau.main(Roseau.java:55)
Caused by: java.net.BindException: Address already in use: bind
	at sun.nio.ch.Net.bind0(Native Method)
	at sun.nio.ch.Net.bind(Unknown Source)
	at sun.nio.ch.Net.bind(Unknown Source)
	at sun.nio.ch.ServerSocketChannelImpl.bind(Unknown Source)
	at sun.nio.ch.ServerSocketAdaptor.bind(Unknown Source)
	at org.jboss.netty.channel.socket.nio.NioServerBoss$RegisterTask.run(NioServerBoss.java:193)
	at org.jboss.netty.channel.socket.nio.AbstractNioSelector.processTaskQueue(AbstractNioSelector.java:391)
	at org.jboss.netty.channel.socket.nio.AbstractNioSelector.run(AbstractNioSelector.java:315)
	at org.jboss.netty.channel.socket.nio.NioServerBoss.run(NioServerBoss.java:42)
	at org.jboss.netty.util.ThreadRenamingRunnable.run(ThreadRenamingRunnable.java:108)
	at org.jboss.netty.util.internal.DeadLockProofWorker$1.run(DeadLockProofWorker.java:42)
	at java.util.concurrent.ThreadPoolExecutor.runWorker(Unknown Source)
	at java.util.concurrent.ThreadPoolExecutor$Worker.run(Unknown Source)
	at java.lang.Thread.run(Unknown Source)

[04/17/2017 22:52:42] [ROSEAU] >> ---------------------------------------------
[04/17/2017 22:52:42] [ROSEAU] >> [ROOM] [Theatredrome] Starting public room server on port: 115
[04/17/2017 22:52:42] [ROSEAU] >> ---------------------------------------------
[04/17/2017 22:52:42] [ROSEAU] >> Error has occured!
org.jboss.netty.channel.ChannelException: Failed to bind to: /127.0.0.1:115
	at org.jboss.netty.bootstrap.ServerBootstrap.bind(ServerBootstrap.java:272)
	at org.alexdev.roseau.server.netty.NettyServer.listenSocket(NettyServer.java:42)
	at org.alexdev.roseau.game.room.Room.load(Room.java:95)
	at org.alexdev.roseau.dao.mysql.MySQLRoomDao.fill(MySQLRoomDao.java:453)
	at org.alexdev.roseau.dao.mysql.MySQLRoomDao.getPublicRooms(MySQLRoomDao.java:83)
	at org.alexdev.roseau.game.room.RoomManager.load(RoomManager.java:23)
	at org.alexdev.roseau.game.Game.load(Game.java:39)
	at org.alexdev.roseau.Roseau.main(Roseau.java:55)
Caused by: java.net.BindException: Address already in use: bind
	at sun.nio.ch.Net.bind0(Native Method)
	at sun.nio.ch.Net.bind(Unknown Source)
	at sun.nio.ch.Net.bind(Unknown Source)
	at sun.nio.ch.ServerSocketChannelImpl.bind(Unknown Source)
	at sun.nio.ch.ServerSocketAdaptor.bind(Unknown Source)
	at org.jboss.netty.channel.socket.nio.NioServerBoss$RegisterTask.run(NioServerBoss.java:193)
	at org.jboss.netty.channel.socket.nio.AbstractNioSelector.processTaskQueue(AbstractNioSelector.java:391)
	at org.jboss.netty.channel.socket.nio.AbstractNioSelector.run(AbstractNioSelector.java:315)
	at org.jboss.netty.channel.socket.nio.NioServerBoss.run(NioServerBoss.java:42)
	at org.jboss.netty.util.ThreadRenamingRunnable.run(ThreadRenamingRunnable.java:108)
	at org.jboss.netty.util.internal.DeadLockProofWorker$1.run(DeadLockProofWorker.java:42)
	at java.util.concurrent.ThreadPoolExecutor.runWorker(Unknown Source)
	at java.util.concurrent.ThreadPoolExecutor$Worker.run(Unknown Source)
	at java.lang.Thread.run(Unknown Source)

[04/17/2017 22:52:42] [ROSEAU] >> ---------------------------------------------
[04/17/2017 22:52:42] [ROSEAU] >> [ROOM] [Habburger's] Starting public room server on port: 110
[04/17/2017 22:52:42] [ROSEAU] >> ---------------------------------------------
[04/17/2017 22:52:42] [ROSEAU] >> Error has occured!
org.jboss.netty.channel.ChannelException: Failed to bind to: /127.0.0.1:110
	at org.jboss.netty.bootstrap.ServerBootstrap.bind(ServerBootstrap.java:272)
	at org.alexdev.roseau.server.netty.NettyServer.listenSocket(NettyServer.java:42)
	at org.alexdev.roseau.game.room.Room.load(Room.java:95)
	at org.alexdev.roseau.dao.mysql.MySQLRoomDao.fill(MySQLRoomDao.java:453)
	at org.alexdev.roseau.dao.mysql.MySQLRoomDao.getPublicRooms(MySQLRoomDao.java:83)
	at org.alexdev.roseau.game.room.RoomManager.load(RoomManager.java:23)
	at org.alexdev.roseau.game.Game.load(Game.java:39)
	at org.alexdev.roseau.Roseau.main(Roseau.java:55)
Caused by: java.net.BindException: Address already in use: bind
	at sun.nio.ch.Net.bind0(Native Method)
	at sun.nio.ch.Net.bind(Unknown Source)
	at sun.nio.ch.Net.bind(Unknown Source)
	at sun.nio.ch.ServerSocketChannelImpl.bind(Unknown Source)
	at sun.nio.ch.ServerSocketAdaptor.bind(Unknown Source)
	at org.jboss.netty.channel.socket.nio.NioServerBoss$RegisterTask.run(NioServerBoss.java:193)
	at org.jboss.netty.channel.socket.nio.AbstractNioSelector.processTaskQueue(AbstractNioSelector.java:391)
	at org.jboss.netty.channel.socket.nio.AbstractNioSelector.run(AbstractNioSelector.java:315)
	at org.jboss.netty.channel.socket.nio.NioServerBoss.run(NioServerBoss.java:42)
	at org.jboss.netty.util.ThreadRenamingRunnable.run(ThreadRenamingRunnable.java:108)
	at org.jboss.netty.util.internal.DeadLockProofWorker$1.run(DeadLockProofWorker.java:42)
	at java.util.concurrent.ThreadPoolExecutor.runWorker(Unknown Source)
	at java.util.concurrent.ThreadPoolExecutor$Worker.run(Unknown Source)
	at java.lang.Thread.run(Unknown Source)

[04/17/2017 22:52:42] [ROSEAU] >> ---------------------------------------------
[04/17/2017 22:52:42] [ROSEAU] >> [ROOM] [The Dirty Duck Pub] Starting public room server on port: 105
[04/17/2017 22:52:42] [ROSEAU] >> ---------------------------------------------
[04/17/2017 22:52:42] [ROSEAU] >> Error has occured!
org.jboss.netty.channel.ChannelException: Failed to bind to: /127.0.0.1:105
	at org.jboss.netty.bootstrap.ServerBootstrap.bind(ServerBootstrap.java:272)
	at org.alexdev.roseau.server.netty.NettyServer.listenSocket(NettyServer.java:42)
	at org.alexdev.roseau.game.room.Room.load(Room.java:95)
	at org.alexdev.roseau.dao.mysql.MySQLRoomDao.fill(MySQLRoomDao.java:453)
	at org.alexdev.roseau.dao.mysql.MySQLRoomDao.getPublicRooms(MySQLRoomDao.java:83)
	at org.alexdev.roseau.game.room.RoomManager.load(RoomManager.java:23)
	at org.alexdev.roseau.game.Game.load(Game.java:39)
	at org.alexdev.roseau.Roseau.main(Roseau.java:55)
Caused by: java.net.BindException: Address already in use: bind
	at sun.nio.ch.Net.bind0(Native Method)
	at sun.nio.ch.Net.bind(Unknown Source)
	at sun.nio.ch.Net.bind(Unknown Source)
	at sun.nio.ch.ServerSocketChannelImpl.bind(Unknown Source)
	at sun.nio.ch.ServerSocketAdaptor.bind(Unknown Source)
	at org.jboss.netty.channel.socket.nio.NioServerBoss$RegisterTask.run(NioServerBoss.java:193)
	at org.jboss.netty.channel.socket.nio.AbstractNioSelector.processTaskQueue(AbstractNioSelector.java:391)
	at org.jboss.netty.channel.socket.nio.AbstractNioSelector.run(AbstractNioSelector.java:315)
	at org.jboss.netty.channel.socket.nio.NioServerBoss.run(NioServerBoss.java:42)
	at org.jboss.netty.util.ThreadRenamingRunnable.run(ThreadRenamingRunnable.java:108)
	at org.jboss.netty.util.internal.DeadLockProofWorker$1.run(DeadLockProofWorker.java:42)
	at java.util.concurrent.ThreadPoolExecutor.runWorker(Unknown Source)
	at java.util.concurrent.ThreadPoolExecutor$Worker.run(Unknown Source)
	at java.lang.Thread.run(Unknown Source)

[04/17/2017 22:52:42] [ROSEAU] >> ---------------------------------------------
[04/17/2017 22:52:42] [ROSEAU] >> [ROOM] [Cunning Fox Gamehall] Starting public room server on port: 121
[04/17/2017 22:52:42] [ROSEAU] >> ---------------------------------------------
[04/17/2017 22:52:42] [ROSEAU] >> Error has occured!
org.jboss.netty.channel.ChannelException: Failed to bind to: /127.0.0.1:121
	at org.jboss.netty.bootstrap.ServerBootstrap.bind(ServerBootstrap.java:272)
	at org.alexdev.roseau.server.netty.NettyServer.listenSocket(NettyServer.java:42)
	at org.alexdev.roseau.game.room.Room.load(Room.java:95)
	at org.alexdev.roseau.dao.mysql.MySQLRoomDao.fill(MySQLRoomDao.java:453)
	at org.alexdev.roseau.dao.mysql.MySQLRoomDao.getPublicRooms(MySQLRoomDao.java:83)
	at org.alexdev.roseau.game.room.RoomManager.load(RoomManager.java:23)
	at org.alexdev.roseau.game.Game.load(Game.java:39)
	at org.alexdev.roseau.Roseau.main(Roseau.java:55)
Caused by: java.net.BindException: Address already in use: bind
	at sun.nio.ch.Net.bind0(Native Method)
	at sun.nio.ch.Net.bind(Unknown Source)
	at sun.nio.ch.Net.bind(Unknown Source)
	at sun.nio.ch.ServerSocketChannelImpl.bind(Unknown Source)
	at sun.nio.ch.ServerSocketAdaptor.bind(Unknown Source)
	at org.jboss.netty.channel.socket.nio.NioServerBoss$RegisterTask.run(NioServerBoss.java:193)
	at org.jboss.netty.channel.socket.nio.AbstractNioSelector.processTaskQueue(AbstractNioSelector.java:391)
	at org.jboss.netty.channel.socket.nio.AbstractNioSelector.run(AbstractNioSelector.java:315)
	at org.jboss.netty.channel.socket.nio.NioServerBoss.run(NioServerBoss.java:42)
	at org.jboss.netty.util.ThreadRenamingRunnable.run(ThreadRenamingRunnable.java:108)
	at org.jboss.netty.util.internal.DeadLockProofWorker$1.run(DeadLockProofWorker.java:42)
	at java.util.concurrent.ThreadPoolExecutor.runWorker(Unknown Source)
	at java.util.concurrent.ThreadPoolExecutor$Worker.run(Unknown Source)
	at java.lang.Thread.run(Unknown Source)

[04/17/2017 22:52:42] [ROSEAU] >> ---------------------------------------------
[04/17/2017 22:52:42] [ROSEAU] >> [ROOM] [Cafe Ole] Starting public room server on port: 108
[04/17/2017 22:52:42] [ROSEAU] >> ---------------------------------------------
[04/17/2017 22:52:42] [ROSEAU] >> Error has occured!
org.jboss.netty.channel.ChannelException: Failed to bind to: /127.0.0.1:108
	at org.jboss.netty.bootstrap.ServerBootstrap.bind(ServerBootstrap.java:272)
	at org.alexdev.roseau.server.netty.NettyServer.listenSocket(NettyServer.java:42)
	at org.alexdev.roseau.game.room.Room.load(Room.java:95)
	at org.alexdev.roseau.dao.mysql.MySQLRoomDao.fill(MySQLRoomDao.java:453)
	at org.alexdev.roseau.dao.mysql.MySQLRoomDao.getPublicRooms(MySQLRoomDao.java:83)
	at org.alexdev.roseau.game.room.RoomManager.load(RoomManager.java:23)
	at org.alexdev.roseau.game.Game.load(Game.java:39)
	at org.alexdev.roseau.Roseau.main(Roseau.java:55)
Caused by: java.net.BindException: Address already in use: bind
	at sun.nio.ch.Net.bind0(Native Method)
	at sun.nio.ch.Net.bind(Unknown Source)
	at sun.nio.ch.Net.bind(Unknown Source)
	at sun.nio.ch.ServerSocketChannelImpl.bind(Unknown Source)
	at sun.nio.ch.ServerSocketAdaptor.bind(Unknown Source)
	at org.jboss.netty.channel.socket.nio.NioServerBoss$RegisterTask.run(NioServerBoss.java:193)
	at org.jboss.netty.channel.socket.nio.AbstractNioSelector.processTaskQueue(AbstractNioSelector.java:391)
	at org.jboss.netty.channel.socket.nio.AbstractNioSelector.run(AbstractNioSelector.java:315)
	at org.jboss.netty.channel.socket.nio.NioServerBoss.run(NioServerBoss.java:42)
	at org.jboss.netty.util.ThreadRenamingRunnable.run(ThreadRenamingRunnable.java:108)
	at org.jboss.netty.util.internal.DeadLockProofWorker$1.run(DeadLockProofWorker.java:42)
	at java.util.concurrent.ThreadPoolExecutor.runWorker(Unknown Source)
	at java.util.concurrent.ThreadPoolExecutor$Worker.run(Unknown Source)
	at java.lang.Thread.run(Unknown Source)

[04/17/2017 22:52:42] [ROSEAU] >> ---------------------------------------------
[04/17/2017 22:52:42] [ROSEAU] >> [ROOM] [Hotel Kitchen] Starting public room server on port: 107
[04/17/2017 22:52:42] [ROSEAU] >> ---------------------------------------------
[04/17/2017 22:52:42] [ROSEAU] >> Error has occured!
org.jboss.netty.channel.ChannelException: Failed to bind to: /127.0.0.1:107
	at org.jboss.netty.bootstrap.ServerBootstrap.bind(ServerBootstrap.java:272)
	at org.alexdev.roseau.server.netty.NettyServer.listenSocket(NettyServer.java:42)
	at org.alexdev.roseau.game.room.Room.load(Room.java:95)
	at org.alexdev.roseau.dao.mysql.MySQLRoomDao.fill(MySQLRoomDao.java:453)
	at org.alexdev.roseau.dao.mysql.MySQLRoomDao.getPublicRooms(MySQLRoomDao.java:83)
	at org.alexdev.roseau.game.room.RoomManager.load(RoomManager.java:23)
	at org.alexdev.roseau.game.Game.load(Game.java:39)
	at org.alexdev.roseau.Roseau.main(Roseau.java:55)
Caused by: java.net.BindException: Address already in use: bind
	at sun.nio.ch.Net.bind0(Native Method)
	at sun.nio.ch.Net.bind(Unknown Source)
	at sun.nio.ch.Net.bind(Unknown Source)
	at sun.nio.ch.ServerSocketChannelImpl.bind(Unknown Source)
	at sun.nio.ch.ServerSocketAdaptor.bind(Unknown Source)
	at org.jboss.netty.channel.socket.nio.NioServerBoss$RegisterTask.run(NioServerBoss.java:193)
	at org.jboss.netty.channel.socket.nio.AbstractNioSelector.processTaskQueue(AbstractNioSelector.java:391)
	at org.jboss.netty.channel.socket.nio.AbstractNioSelector.run(AbstractNioSelector.java:315)
	at org.jboss.netty.channel.socket.nio.NioServerBoss.run(NioServerBoss.java:42)
	at org.jboss.netty.util.ThreadRenamingRunnable.run(ThreadRenamingRunnable.java:108)
	at org.jboss.netty.util.internal.DeadLockProofWorker$1.run(DeadLockProofWorker.java:42)
	at java.util.concurrent.ThreadPoolExecutor.runWorker(Unknown Source)
	at java.util.concurrent.ThreadPoolExecutor$Worker.run(Unknown Source)
	at java.lang.Thread.run(Unknown Source)

[04/17/2017 22:52:42] [ROSEAU] >> ---------------------------------------------
[04/17/2017 22:52:42] [ROSEAU] 
[04/17/2017 22:52:42] [ROSEAU] >> Settting up server
[04/17/2017 22:52:42] [ROSEAU] >> ---------------------------------------------
[04/17/2017 22:52:42] [ROSEAU] >> Error has occured!
org.jboss.netty.channel.ChannelException: Failed to bind to: /127.0.0.1:90
	at org.jboss.netty.bootstrap.ServerBootstrap.bind(ServerBootstrap.java:272)
	at org.alexdev.roseau.server.netty.NettyServer.listenSocket(NettyServer.java:42)
	at org.alexdev.roseau.Roseau.startServer(Roseau.java:196)
	at org.alexdev.roseau.Roseau.main(Roseau.java:57)
Caused by: java.net.BindException: Address already in use: bind
	at sun.nio.ch.Net.bind0(Native Method)
	at sun.nio.ch.Net.bind(Unknown Source)
	at sun.nio.ch.Net.bind(Unknown Source)
	at sun.nio.ch.ServerSocketChannelImpl.bind(Unknown Source)
	at sun.nio.ch.ServerSocketAdaptor.bind(Unknown Source)
	at org.jboss.netty.channel.socket.nio.NioServerBoss$RegisterTask.run(NioServerBoss.java:193)
	at org.jboss.netty.channel.socket.nio.AbstractNioSelector.processTaskQueue(AbstractNioSelector.java:391)
	at org.jboss.netty.channel.socket.nio.AbstractNioSelector.run(AbstractNioSelector.java:315)
	at org.jboss.netty.channel.socket.nio.NioServerBoss.run(NioServerBoss.java:42)
	at org.jboss.netty.util.ThreadRenamingRunnable.run(ThreadRenamingRunnable.java:108)
	at org.jboss.netty.util.internal.DeadLockProofWorker$1.run(DeadLockProofWorker.java:42)
	at java.util.concurrent.ThreadPoolExecutor.runWorker(Unknown Source)
	at java.util.concurrent.ThreadPoolExecutor$Worker.run(Unknown Source)
	at java.lang.Thread.run(Unknown Source)

[04/17/2017 22:52:42] [ROSEAU] >> ---------------------------------------------
[04/17/2017 22:52:42] [ROSEAU] >> ---------------------------------------------
[04/17/2017 22:52:42] [ROSEAU] >> Error has occured!
org.jboss.netty.channel.ChannelException: Failed to bind to: /127.0.0.1:91
	at org.jboss.netty.bootstrap.ServerBootstrap.bind(ServerBootstrap.java:272)
	at org.alexdev.roseau.server.netty.NettyServer.listenSocket(NettyServer.java:42)
	at org.alexdev.roseau.Roseau.startServer(Roseau.java:198)
	at org.alexdev.roseau.Roseau.main(Roseau.java:57)
Caused by: java.net.BindException: Address already in use: bind
	at sun.nio.ch.Net.bind0(Native Method)
	at sun.nio.ch.Net.bind(Unknown Source)
	at sun.nio.ch.Net.bind(Unknown Source)
	at sun.nio.ch.ServerSocketChannelImpl.bind(Unknown Source)
	at sun.nio.ch.ServerSocketAdaptor.bind(Unknown Source)
	at org.jboss.netty.channel.socket.nio.NioServerBoss$RegisterTask.run(NioServerBoss.java:193)
	at org.jboss.netty.channel.socket.nio.AbstractNioSelector.processTaskQueue(AbstractNioSelector.java:391)
	at org.jboss.netty.channel.socket.nio.AbstractNioSelector.run(AbstractNioSelector.java:315)
	at org.jboss.netty.channel.socket.nio.NioServerBoss.run(NioServerBoss.java:42)
	at org.jboss.netty.util.ThreadRenamingRunnable.run(ThreadRenamingRunnable.java:108)
	at org.jboss.netty.util.internal.DeadLockProofWorker$1.run(DeadLockProofWorker.java:42)
	at java.util.concurrent.ThreadPoolExecutor.runWorker(Unknown Source)
	at java.util.concurrent.ThreadPoolExecutor$Worker.run(Unknown Source)
	at java.lang.Thread.run(Unknown Source)

[04/17/2017 22:52:42] [ROSEAU] >> ---------------------------------------------
[04/17/2017 22:52:42] [ROSEAU] >> Server could not listen on 91:91, please double check everything is correct in icarus.properties

-----------------------------------------
-- SERVER BOOT TIME: 04/21/2017 00:37:46
-----------------------------------------

[04/21/2017 00:37:46] [ROSEAU] >> Roseau - Java Server
[04/21/2017 00:37:46] [ROSEAU] >> Loading server...
[04/21/2017 00:37:46] [ROSEAU] 
[04/21/2017 00:37:46] [ROSEAU] >> Loading dependencies
[04/21/2017 00:37:46] [ROSEAU] >> ---------------------------------------------
[04/21/2017 00:37:46] [ROSEAU] >> Error has occured!
java.io.FileNotFoundException: C:\Users\Alex\Documents\GitHub\Roseau\Roseau-bin\lib\libraries.properties (The system cannot find the path specified)
	at java.io.FileInputStream.open0(Native Method)
	at java.io.FileInputStream.open(Unknown Source)
	at java.io.FileInputStream.<init>(Unknown Source)
	at java.io.FileInputStream.<init>(Unknown Source)
	at org.alexdev.roseau.util.Configuration.<init>(Configuration.java:20)
	at org.alexdev.roseau.Roseau.loadDependencies(Roseau.java:73)
	at org.alexdev.roseau.Roseau.main(Roseau.java:44)

[04/21/2017 00:37:46] [ROSEAU] >> ---------------------------------------------

-----------------------------------------
-- SERVER BOOT TIME: 04/24/2017 23:11:26
-----------------------------------------

[04/24/2017 23:11:26] [ROSEAU] >> Roseau - Java Server
[04/24/2017 23:11:26] [ROSEAU] >> Loading server...
[04/24/2017 23:11:26] [ROSEAU] 
[04/24/2017 23:11:26] [ROSEAU] >> Loading dependencies
[04/24/2017 23:11:26] [ROSEAU] >> Loading: bonecp-0.7.1.RELEASE.jar
[04/24/2017 23:11:26] [ROSEAU] >> Loading: guava-11.0.2.jar
[04/24/2017 23:11:26] [ROSEAU] >> Loading: mysql-connector-java-5.1.6-bin.jar
[04/24/2017 23:11:26] [ROSEAU] >> Loading: netty-3.10.5.Final.jar
[04/24/2017 23:11:26] [ROSEAU] >> Loading: slf4j-api-1.7.2.jar
[04/24/2017 23:11:26] [ROSEAU] >> Loading: slf4j-simple-1.7.2.jar
[04/24/2017 23:11:26] [ROSEAU] >> Loading: ini4j-0.5.5-SNAPSHOT.jar
[04/24/2017 23:11:26] [ROSEAU] >> Loading: Roseau_socket_netty.jar
[04/24/2017 23:11:26] [ROSEAU] 
[04/24/2017 23:11:26] [ROSEAU] >> Connecting to MySQL server
[04/24/2017 23:11:27] [ROSEAU] >> ---------------------------------------------
[04/24/2017 23:11:27] [ROSEAU] >> Error has occured!
java.sql.SQLException: Unable to open a test connection to the given database. JDBC url = jdbc:mysql://127.0.0.1/roseau, username = root. Terminating connection pool. Original Exception: ------
com.mysql.jdbc.exceptions.jdbc4.CommunicationsException: Communications link failure

Last packet sent to the server was 0 ms ago.
	at sun.reflect.NativeConstructorAccessorImpl.newInstance0(Native Method)
	at sun.reflect.NativeConstructorAccessorImpl.newInstance(Unknown Source)
	at sun.reflect.DelegatingConstructorAccessorImpl.newInstance(Unknown Source)
	at java.lang.reflect.Constructor.newInstance(Unknown Source)
	at com.mysql.jdbc.Util.handleNewInstance(Util.java:406)
	at com.mysql.jdbc.SQLError.createCommunicationsException(SQLError.java:1074)
	at com.mysql.jdbc.ConnectionImpl.createNewIO(ConnectionImpl.java:2103)
	at com.mysql.jdbc.ConnectionImpl.<init>(ConnectionImpl.java:718)
	at com.mysql.jdbc.JDBC4Connection.<init>(JDBC4Connection.java:46)
	at sun.reflect.NativeConstructorAccessorImpl.newInstance0(Native Method)
	at sun.reflect.NativeConstructorAccessorImpl.newInstance(Unknown Source)
	at sun.reflect.DelegatingConstructorAccessorImpl.newInstance(Unknown Source)
	at java.lang.reflect.Constructor.newInstance(Unknown Source)
	at com.mysql.jdbc.Util.handleNewInstance(Util.java:406)
	at com.mysql.jdbc.ConnectionImpl.getInstance(ConnectionImpl.java:302)
	at com.mysql.jdbc.NonRegisteringDriver.connect(NonRegisteringDriver.java:282)
	at java.sql.DriverManager.getConnection(Unknown Source)
	at java.sql.DriverManager.getConnection(Unknown Source)
	at com.jolbox.bonecp.BoneCP.obtainRawInternalConnection(BoneCP.java:256)
	at com.jolbox.bonecp.BoneCP.<init>(BoneCP.java:305)
	at org.alexdev.roseau.dao.mysql.Storage.<init>(Storage.java:35)
	at org.alexdev.roseau.dao.mysql.MySQLDao.connect(MySQLDao.java:44)
	at org.alexdev.roseau.dao.mysql.MySQLDao.<init>(MySQLDao.java:27)
	at org.alexdev.roseau.Roseau.main(Roseau.java:50)
Caused by: java.net.ConnectException: Connection refused: connect
	at java.net.DualStackPlainSocketImpl.connect0(Native Method)
	at java.net.DualStackPlainSocketImpl.socketConnect(Unknown Source)
	at java.net.AbstractPlainSocketImpl.doConnect(Unknown Source)
	at java.net.AbstractPlainSocketImpl.connectToAddress(Unknown Source)
	at java.net.AbstractPlainSocketImpl.connect(Unknown Source)
	at java.net.PlainSocketImpl.connect(Unknown Source)
	at java.net.SocksSocketImpl.connect(Unknown Source)
	at java.net.Socket.connect(Unknown Source)
	at java.net.Socket.connect(Unknown Source)
	at java.net.Socket.<init>(Unknown Source)
	at java.net.Socket.<init>(Unknown Source)
	at com.mysql.jdbc.StandardSocketFactory.connect(StandardSocketFactory.java:253)
	at com.mysql.jdbc.MysqlIO.<init>(MysqlIO.java:280)
	at com.mysql.jdbc.ConnectionImpl.createNewIO(ConnectionImpl.java:2026)
	... 17 more
------

	at com.jolbox.bonecp.BoneCP.<init>(BoneCP.java:312)
	at org.alexdev.roseau.dao.mysql.Storage.<init>(Storage.java:35)
	at org.alexdev.roseau.dao.mysql.MySQLDao.connect(MySQLDao.java:44)
	at org.alexdev.roseau.dao.mysql.MySQLDao.<init>(MySQLDao.java:27)
	at org.alexdev.roseau.Roseau.main(Roseau.java:50)
Caused by: com.mysql.jdbc.exceptions.jdbc4.CommunicationsException: Communications link failure

Last packet sent to the server was 0 ms ago.
	at sun.reflect.NativeConstructorAccessorImpl.newInstance0(Native Method)
	at sun.reflect.NativeConstructorAccessorImpl.newInstance(Unknown Source)
	at sun.reflect.DelegatingConstructorAccessorImpl.newInstance(Unknown Source)
	at java.lang.reflect.Constructor.newInstance(Unknown Source)
	at com.mysql.jdbc.Util.handleNewInstance(Util.java:406)
	at com.mysql.jdbc.SQLError.createCommunicationsException(SQLError.java:1074)
	at com.mysql.jdbc.ConnectionImpl.createNewIO(ConnectionImpl.java:2103)
	at com.mysql.jdbc.ConnectionImpl.<init>(ConnectionImpl.java:718)
	at com.mysql.jdbc.JDBC4Connection.<init>(JDBC4Connection.java:46)
	at sun.reflect.NativeConstructorAccessorImpl.newInstance0(Native Method)
	at sun.reflect.NativeConstructorAccessorImpl.newInstance(Unknown Source)
	at sun.reflect.DelegatingConstructorAccessorImpl.newInstance(Unknown Source)
	at java.lang.reflect.Constructor.newInstance(Unknown Source)
	at com.mysql.jdbc.Util.handleNewInstance(Util.java:406)
	at com.mysql.jdbc.ConnectionImpl.getInstance(ConnectionImpl.java:302)
	at com.mysql.jdbc.NonRegisteringDriver.connect(NonRegisteringDriver.java:282)
	at java.sql.DriverManager.getConnection(Unknown Source)
	at java.sql.DriverManager.getConnection(Unknown Source)
	at com.jolbox.bonecp.BoneCP.obtainRawInternalConnection(BoneCP.java:256)
	at com.jolbox.bonecp.BoneCP.<init>(BoneCP.java:305)
	... 4 more
Caused by: java.net.ConnectException: Connection refused: connect
	at java.net.DualStackPlainSocketImpl.connect0(Native Method)
	at java.net.DualStackPlainSocketImpl.socketConnect(Unknown Source)
	at java.net.AbstractPlainSocketImpl.doConnect(Unknown Source)
	at java.net.AbstractPlainSocketImpl.connectToAddress(Unknown Source)
	at java.net.AbstractPlainSocketImpl.connect(Unknown Source)
	at java.net.PlainSocketImpl.connect(Unknown Source)
	at java.net.SocksSocketImpl.connect(Unknown Source)
	at java.net.Socket.connect(Unknown Source)
	at java.net.Socket.connect(Unknown Source)
	at java.net.Socket.<init>(Unknown Source)
	at java.net.Socket.<init>(Unknown Source)
	at com.mysql.jdbc.StandardSocketFactory.connect(StandardSocketFactory.java:253)
	at com.mysql.jdbc.MysqlIO.<init>(MysqlIO.java:280)
	at com.mysql.jdbc.ConnectionImpl.createNewIO(ConnectionImpl.java:2026)
	... 17 more

[04/24/2017 23:11:27] [ROSEAU] >> ---------------------------------------------
[04/24/2017 23:11:27] [ROSEAU] >> Could not connect
[04/24/2017 23:11:27] [ROSEAU] 
[04/24/2017 23:11:27] [ROSEAU] >> ---------------------------------------------
[04/24/2017 23:11:27] [ROSEAU] >> Error has occured!
java.lang.NullPointerException
	at org.alexdev.roseau.dao.mysql.Storage.getConnection(Storage.java:181)
	at org.alexdev.roseau.dao.mysql.MySQLRoomDao.<init>(MySQLRoomDao.java:43)
	at org.alexdev.roseau.dao.mysql.MySQLDao.<init>(MySQLDao.java:29)
	at org.alexdev.roseau.Roseau.main(Roseau.java:50)

[04/24/2017 23:11:27] [ROSEAU] >> ---------------------------------------------
